[35m[1mScanning dependencies of target _ros_service_assignment_generate_messages_check_deps_RectangleAreaService[0m
[35m[1mScanning dependencies of target std_msgs_generate_messages_nodejs[0m
[35m[1mScanning dependencies of target std_msgs_generate_messages_cpp[0m
[35m[1mScanning dependencies of target std_msgs_generate_messages_py[0m
[35m[1mScanning dependencies of target std_msgs_generate_messages_eus[0m
[35m[1mScanning dependencies of target std_msgs_generate_messages_lisp[0m
[  0%] Built target std_msgs_generate_messages_py
[  0%] Built target std_msgs_generate_messages_cpp
[  0%] Built target std_msgs_generate_messages_nodejs
[  0%] Built target std_msgs_generate_messages_eus
[  0%] Built target std_msgs_generate_messages_lisp
[  0%] Built target _ros_service_assignment_generate_messages_check_deps_RectangleAreaService
[35m[1mScanning dependencies of target ros_service_assignment_generate_messages_nodejs[0m
[35m[1mScanning dependencies of target ros_service_assignment_generate_messages_eus[0m
[35m[1mScanning dependencies of target ros_service_assignment_generate_messages_lisp[0m
[35m[1mScanning dependencies of target ros_service_assignment_generate_messages_py[0m
[35m[1mScanning dependencies of target ros_service_assignment_generate_messages_cpp[0m
[ 14%] [34m[1mGenerating Javascript code from ros_service_assignment/RectangleAreaService.srv[0m
[ 28%] [34m[1mGenerating Python code from SRV ros_service_assignment/RectangleAreaService[0m
[ 85%] [34m[1mGenerating EusLisp manifest code for ros_service_assignment[0m
[ 85%] [34m[1mGenerating C++ code from ros_service_assignment/RectangleAreaService.srv[0m
[ 85%] [34m[1mGenerating EusLisp code from ros_service_assignment/RectangleAreaService.srv[0m
[ 85%] [34m[1mGenerating Lisp code from ros_service_assignment/RectangleAreaService.srv[0m
[ 85%] Built target ros_service_assignment_generate_messages_nodejs
[ 85%] Built target ros_service_assignment_generate_messages_lisp
[100%] [34m[1mGenerating Python srv __init__.py for ros_service_assignment[0m
[100%] Built target ros_service_assignment_generate_messages_py
[100%] Built target ros_service_assignment_generate_messages_cpp
[100%] Built target ros_service_assignment_generate_messages_eus
[35m[1mScanning dependencies of target ros_service_assignment_generate_messages[0m
[100%] Built target ros_service_assignment_generate_messages
