Symlinking /home/dani/catkin_ws/devel/include/ros_service_assignment/RectangleAreaServiceResponse.h
Symlinking /home/dani/catkin_ws/devel/include/ros_service_assignment/RectangleAreaService.h
Symlinking /home/dani/catkin_ws/devel/include/ros_service_assignment/RectangleAreaServiceRequest.h
Symlinking /home/dani/catkin_ws/devel/lib/python3/dist-packages/ros_service_assignment/__init__.py
Symlinking /home/dani/catkin_ws/devel/lib/python3/dist-packages/ros_service_assignment/srv/__init__.py
Symlinking /home/dani/catkin_ws/devel/lib/python3/dist-packages/ros_service_assignment/srv/_RectangleAreaService.py
Symlinking /home/dani/catkin_ws/devel/lib/pkgconfig/ros_service_assignment.pc
Symlinking /home/dani/catkin_ws/devel/share/ros_service_assignment/cmake/ros_service_assignmentConfig-version.cmake
Symlinking /home/dani/catkin_ws/devel/share/ros_service_assignment/cmake/ros_service_assignment-msg-extras.cmake
Symlinking /home/dani/catkin_ws/devel/share/ros_service_assignment/cmake/ros_service_assignmentConfig.cmake
Symlinking /home/dani/catkin_ws/devel/share/ros_service_assignment/cmake/ros_service_assignment-msg-paths.cmake
Symlinking /home/dani/catkin_ws/devel/share/common-lisp/ros/ros_service_assignment/srv/_package_RectangleAreaService.lisp
Symlinking /home/dani/catkin_ws/devel/share/common-lisp/ros/ros_service_assignment/srv/_package.lisp
Symlinking /home/dani/catkin_ws/devel/share/common-lisp/ros/ros_service_assignment/srv/RectangleAreaService.lisp
Symlinking /home/dani/catkin_ws/devel/share/common-lisp/ros/ros_service_assignment/srv/ros_service_assignment-srv.asd
Symlinking /home/dani/catkin_ws/devel/share/gennodejs/ros/ros_service_assignment/_index.js
Symlinking /home/dani/catkin_ws/devel/share/gennodejs/ros/ros_service_assignment/srv/_index.js
Symlinking /home/dani/catkin_ws/devel/share/gennodejs/ros/ros_service_assignment/srv/RectangleAreaService.js
Symlinking /home/dani/catkin_ws/devel/share/roseus/ros/ros_service_assignment/manifest.l
Symlinking /home/dani/catkin_ws/devel/share/roseus/ros/ros_service_assignment/srv/RectangleAreaService.l
