Symlinking /home/dani/catkin_ws/devel/include/ros_essentials_cpp/FibonacciActionFeedback.h
Symlinking /home/dani/catkin_ws/devel/include/ros_essentials_cpp/AddTwoIntsRequest.h
Symlinking /home/dani/catkin_ws/devel/include/ros_essentials_cpp/FibonacciAction.h
Symlinking /home/dani/catkin_ws/devel/include/ros_essentials_cpp/FibonacciGoal.h
Symlinking /home/dani/catkin_ws/devel/include/ros_essentials_cpp/IoTSensor.h
Symlinking /home/dani/catkin_ws/devel/include/ros_essentials_cpp/FibonacciFeedback.h
Symlinking /home/dani/catkin_ws/devel/include/ros_essentials_cpp/FibonacciActionResult.h
Symlinking /home/dani/catkin_ws/devel/include/ros_essentials_cpp/AddTwoIntsResponse.h
Symlinking /home/dani/catkin_ws/devel/include/ros_essentials_cpp/FibonacciActionGoal.h
Symlinking /home/dani/catkin_ws/devel/include/ros_essentials_cpp/FibonacciResult.h
Symlinking /home/dani/catkin_ws/devel/include/ros_essentials_cpp/AddTwoInts.h
Symlinking /home/dani/catkin_ws/devel/lib/libutility_lib.so
Symlinking /home/dani/catkin_ws/devel/lib/liblaserscan_lib.so
Symlinking /home/dani/catkin_ws/devel/lib/ros_essentials_cpp/read_video_cpp
Symlinking /home/dani/catkin_ws/devel/lib/ros_essentials_cpp/turtlesim_clean_node
Symlinking /home/dani/catkin_ws/devel/lib/ros_essentials_cpp/scan_subscriber_cpp
Symlinking /home/dani/catkin_ws/devel/lib/ros_essentials_cpp/open_copy_cpp
Symlinking /home/dani/catkin_ws/devel/lib/ros_essentials_cpp/talker_node
Symlinking /home/dani/catkin_ws/devel/lib/ros_essentials_cpp/image_pub_sub_cpp
Symlinking /home/dani/catkin_ws/devel/lib/ros_essentials_cpp/add_two_ints_client
Symlinking /home/dani/catkin_ws/devel/lib/ros_essentials_cpp/add_two_ints_server
Symlinking /home/dani/catkin_ws/devel/lib/ros_essentials_cpp/listener_node
Symlinking /home/dani/catkin_ws/devel/lib/python3/dist-packages/ros_essentials_cpp/__init__.py
Symlinking /home/dani/catkin_ws/devel/lib/python3/dist-packages/ros_essentials_cpp/srv/_AddTwoInts.py
Symlinking /home/dani/catkin_ws/devel/lib/python3/dist-packages/ros_essentials_cpp/srv/__init__.py
Symlinking /home/dani/catkin_ws/devel/lib/python3/dist-packages/ros_essentials_cpp/msg/_FibonacciAction.py
Symlinking /home/dani/catkin_ws/devel/lib/python3/dist-packages/ros_essentials_cpp/msg/_FibonacciFeedback.py
Symlinking /home/dani/catkin_ws/devel/lib/python3/dist-packages/ros_essentials_cpp/msg/_IoTSensor.py
Symlinking /home/dani/catkin_ws/devel/lib/python3/dist-packages/ros_essentials_cpp/msg/_FibonacciGoal.py
Symlinking /home/dani/catkin_ws/devel/lib/python3/dist-packages/ros_essentials_cpp/msg/_FibonacciActionGoal.py
Symlinking /home/dani/catkin_ws/devel/lib/python3/dist-packages/ros_essentials_cpp/msg/_FibonacciActionResult.py
Symlinking /home/dani/catkin_ws/devel/lib/python3/dist-packages/ros_essentials_cpp/msg/_FibonacciActionFeedback.py
Symlinking /home/dani/catkin_ws/devel/lib/python3/dist-packages/ros_essentials_cpp/msg/__init__.py
Symlinking /home/dani/catkin_ws/devel/lib/python3/dist-packages/ros_essentials_cpp/msg/_FibonacciResult.py
Symlinking /home/dani/catkin_ws/devel/lib/pkgconfig/ros_essentials_cpp.pc
Symlinking /home/dani/catkin_ws/devel/share/ros_essentials_cpp/cmake/ros_essentials_cppConfig.cmake
Symlinking /home/dani/catkin_ws/devel/share/ros_essentials_cpp/cmake/ros_essentials_cppConfig-version.cmake
Symlinking /home/dani/catkin_ws/devel/share/ros_essentials_cpp/cmake/ros_essentials_cpp-msg-extras.cmake
Symlinking /home/dani/catkin_ws/devel/share/ros_essentials_cpp/cmake/ros_essentials_cpp-msg-paths.cmake
Symlinking /home/dani/catkin_ws/devel/share/ros_essentials_cpp/msg/FibonacciActionGoal.msg
Symlinking /home/dani/catkin_ws/devel/share/ros_essentials_cpp/msg/FibonacciActionResult.msg
Symlinking /home/dani/catkin_ws/devel/share/ros_essentials_cpp/msg/FibonacciGoal.msg
Symlinking /home/dani/catkin_ws/devel/share/ros_essentials_cpp/msg/FibonacciFeedback.msg
Symlinking /home/dani/catkin_ws/devel/share/ros_essentials_cpp/msg/FibonacciResult.msg
Symlinking /home/dani/catkin_ws/devel/share/ros_essentials_cpp/msg/FibonacciActionFeedback.msg
Symlinking /home/dani/catkin_ws/devel/share/ros_essentials_cpp/msg/FibonacciAction.msg
Symlinking /home/dani/catkin_ws/devel/share/common-lisp/ros/ros_essentials_cpp/srv/_package_AddTwoInts.lisp
Symlinking /home/dani/catkin_ws/devel/share/common-lisp/ros/ros_essentials_cpp/srv/ros_essentials_cpp-srv.asd
Symlinking /home/dani/catkin_ws/devel/share/common-lisp/ros/ros_essentials_cpp/srv/_package.lisp
Symlinking /home/dani/catkin_ws/devel/share/common-lisp/ros/ros_essentials_cpp/srv/AddTwoInts.lisp
Symlinking /home/dani/catkin_ws/devel/share/common-lisp/ros/ros_essentials_cpp/msg/_package_FibonacciFeedback.lisp
Symlinking /home/dani/catkin_ws/devel/share/common-lisp/ros/ros_essentials_cpp/msg/_package_FibonacciActionGoal.lisp
Symlinking /home/dani/catkin_ws/devel/share/common-lisp/ros/ros_essentials_cpp/msg/FibonacciActionFeedback.lisp
Symlinking /home/dani/catkin_ws/devel/share/common-lisp/ros/ros_essentials_cpp/msg/_package_FibonacciActionResult.lisp
Symlinking /home/dani/catkin_ws/devel/share/common-lisp/ros/ros_essentials_cpp/msg/_package_IoTSensor.lisp
Symlinking /home/dani/catkin_ws/devel/share/common-lisp/ros/ros_essentials_cpp/msg/FibonacciGoal.lisp
Symlinking /home/dani/catkin_ws/devel/share/common-lisp/ros/ros_essentials_cpp/msg/ros_essentials_cpp-msg.asd
Symlinking /home/dani/catkin_ws/devel/share/common-lisp/ros/ros_essentials_cpp/msg/_package_FibonacciAction.lisp
Symlinking /home/dani/catkin_ws/devel/share/common-lisp/ros/ros_essentials_cpp/msg/FibonacciActionGoal.lisp
Symlinking /home/dani/catkin_ws/devel/share/common-lisp/ros/ros_essentials_cpp/msg/_package_FibonacciActionFeedback.lisp
Symlinking /home/dani/catkin_ws/devel/share/common-lisp/ros/ros_essentials_cpp/msg/FibonacciActionResult.lisp
Symlinking /home/dani/catkin_ws/devel/share/common-lisp/ros/ros_essentials_cpp/msg/_package.lisp
Symlinking /home/dani/catkin_ws/devel/share/common-lisp/ros/ros_essentials_cpp/msg/FibonacciFeedback.lisp
Symlinking /home/dani/catkin_ws/devel/share/common-lisp/ros/ros_essentials_cpp/msg/FibonacciAction.lisp
Symlinking /home/dani/catkin_ws/devel/share/common-lisp/ros/ros_essentials_cpp/msg/_package_FibonacciResult.lisp
Symlinking /home/dani/catkin_ws/devel/share/common-lisp/ros/ros_essentials_cpp/msg/FibonacciResult.lisp
Symlinking /home/dani/catkin_ws/devel/share/common-lisp/ros/ros_essentials_cpp/msg/_package_FibonacciGoal.lisp
Symlinking /home/dani/catkin_ws/devel/share/common-lisp/ros/ros_essentials_cpp/msg/IoTSensor.lisp
Symlinking /home/dani/catkin_ws/devel/share/gennodejs/ros/ros_essentials_cpp/_index.js
Symlinking /home/dani/catkin_ws/devel/share/gennodejs/ros/ros_essentials_cpp/srv/AddTwoInts.js
Symlinking /home/dani/catkin_ws/devel/share/gennodejs/ros/ros_essentials_cpp/srv/_index.js
Symlinking /home/dani/catkin_ws/devel/share/gennodejs/ros/ros_essentials_cpp/msg/FibonacciAction.js
Symlinking /home/dani/catkin_ws/devel/share/gennodejs/ros/ros_essentials_cpp/msg/FibonacciActionGoal.js
Symlinking /home/dani/catkin_ws/devel/share/gennodejs/ros/ros_essentials_cpp/msg/FibonacciActionFeedback.js
Symlinking /home/dani/catkin_ws/devel/share/gennodejs/ros/ros_essentials_cpp/msg/_index.js
Symlinking /home/dani/catkin_ws/devel/share/gennodejs/ros/ros_essentials_cpp/msg/FibonacciActionResult.js
Symlinking /home/dani/catkin_ws/devel/share/gennodejs/ros/ros_essentials_cpp/msg/FibonacciFeedback.js
Symlinking /home/dani/catkin_ws/devel/share/gennodejs/ros/ros_essentials_cpp/msg/FibonacciGoal.js
Symlinking /home/dani/catkin_ws/devel/share/gennodejs/ros/ros_essentials_cpp/msg/IoTSensor.js
Symlinking /home/dani/catkin_ws/devel/share/gennodejs/ros/ros_essentials_cpp/msg/FibonacciResult.js
Symlinking /home/dani/catkin_ws/devel/share/roseus/ros/ros_essentials_cpp/manifest.l
Symlinking /home/dani/catkin_ws/devel/share/roseus/ros/ros_essentials_cpp/srv/AddTwoInts.l
Symlinking /home/dani/catkin_ws/devel/share/roseus/ros/ros_essentials_cpp/msg/FibonacciGoal.l
Symlinking /home/dani/catkin_ws/devel/share/roseus/ros/ros_essentials_cpp/msg/FibonacciActionGoal.l
Symlinking /home/dani/catkin_ws/devel/share/roseus/ros/ros_essentials_cpp/msg/FibonacciFeedback.l
Symlinking /home/dani/catkin_ws/devel/share/roseus/ros/ros_essentials_cpp/msg/IoTSensor.l
Symlinking /home/dani/catkin_ws/devel/share/roseus/ros/ros_essentials_cpp/msg/FibonacciActionResult.l
Symlinking /home/dani/catkin_ws/devel/share/roseus/ros/ros_essentials_cpp/msg/FibonacciActionFeedback.l
Symlinking /home/dani/catkin_ws/devel/share/roseus/ros/ros_essentials_cpp/msg/FibonacciAction.l
Symlinking /home/dani/catkin_ws/devel/share/roseus/ros/ros_essentials_cpp/msg/FibonacciResult.l
